<?xml version="1.0" encoding="UTF-8"?>
<testng-results ignored="0" total="1" passed="1" failed="0" skipped="0">
  <reporter-output>
  </reporter-output>
  <suite started-at="2022-04-25T22:39:57 IST" name="TestSuite" finished-at="2022-04-25T22:40:23 IST" duration-ms="25588">
    <groups>
    </groups>
    <test started-at="2022-04-25T22:39:57 IST" name="testORHM" finished-at="2022-04-25T22:40:23 IST" duration-ms="25588">
      <class name="TestNGPack.DemoClassParam">
        <test-method is-config="true" signature="launchBrowser()[pri:0, instance:TestNGPack.DemoClassParam@a9cd3b1]" started-at="2022-04-25T22:39:57 IST" name="launchBrowser" finished-at="2022-04-25T22:40:07 IST" duration-ms="9393" status="PASS">
          <reporter-output>
          </reporter-output>
        </test-method> <!-- launchBrowser -->
        <test-method signature="login(java.lang.String,java.lang.String)[pri:0, instance:TestNGPack.DemoClassParam@a9cd3b1]" started-at="2022-04-25T22:40:07 IST" name="login" finished-at="2022-04-25T22:40:23 IST" duration-ms="16145" status="PASS">
          <params>
            <param index="0">
              <value>
                <![CDATA[Admin]]>
              </value>
            </param>
            <param index="1">
              <value>
                <![CDATA[admin123]]>
              </value>
            </param>
          </params>
          <reporter-output>
          </reporter-output>
        </test-method> <!-- login -->
      </class> <!-- TestNGPack.DemoClassParam -->
    </test> <!-- testORHM -->
  </suite> <!-- TestSuite -->
</testng-results>
